--2024-03-04 10:45:48--  ftp://ftp.bvbrc.org/genomes/470.2202/470.2202.fna
Connecting to 10.99.0.130:3128... connected.
Proxy request sent, awaiting response... 200 Gatewaying
Length: 4140946 (3.9M) [text/plain]
Saving to: ‘470.2202.fna’

     0K .......... .......... .......... .......... ..........  1% 2.19M 2s
    50K .......... .......... .......... .......... ..........  2% 64.3M 1s
   100K .......... .......... .......... .......... ..........  3% 1.95M 1s
   150K .......... .......... .......... .......... ..........  4% 77.0M 1s
   200K .......... .......... .......... .......... ..........  6% 2.00M 1s
   250K .......... .......... .......... .......... ..........  7% 69.9M 1s
   300K .......... .......... .......... .......... ..........  8% 83.4M 1s
   350K .......... .......... .......... .......... ..........  9% 83.0M 1s
   400K .......... .......... .......... .......... .......... 11% 74.9M 1s
   450K .......... .......... .......... .......... .......... 12% 98.1M 1s
   500K .......... .......... .......... .......... .......... 13% 2.16M 1s
   550K .......... .......... .......... .......... .......... 14% 67.8M 1s
   600K .......... .......... .......... .......... .......... 16% 68.7M 1s
   650K .......... .......... .......... .......... .......... 17% 73.7M 0s
   700K .......... .......... .......... .......... .......... 18% 80.0M 0s
   750K .......... .......... .......... .......... .......... 19% 71.3M 0s
   800K .......... .......... .......... .......... .......... 21% 76.0M 0s
   850K .......... .......... .......... .......... .......... 22% 68.3M 0s
   900K .......... .......... .......... .......... .......... 23% 69.7M 0s
   950K .......... .......... .......... .......... .......... 24% 67.7M 0s
  1000K .......... .......... .......... .......... .......... 25% 2.56M 0s
  1050K .......... .......... .......... .......... .......... 27% 61.5M 0s
  1100K .......... .......... .......... .......... .......... 28% 73.4M 0s
  1150K .......... .......... .......... .......... .......... 29% 79.0M 0s
  1200K .......... .......... .......... .......... .......... 30% 73.2M 0s
  1250K .......... .......... .......... .......... .......... 32% 78.5M 0s
  1300K .......... .......... .......... .......... .......... 33% 68.3M 0s
  1350K .......... .......... .......... .......... .......... 34% 75.2M 0s
  1400K .......... .......... .......... .......... .......... 35% 71.5M 0s
  1450K .......... .......... .......... .......... .......... 37% 72.6M 0s
  1500K .......... .......... .......... .......... .......... 38% 54.4M 0s
  1550K .......... .......... .......... .......... .......... 39% 82.7M 0s
  1600K .......... .......... .......... .......... .......... 40% 72.8M 0s
  1650K .......... .......... .......... .......... .......... 42% 91.6M 0s
  1700K .......... .......... .......... .......... .......... 43%  182M 0s
  1750K .......... .......... .......... .......... .......... 44%  164M 0s
  1800K .......... .......... .......... .......... .......... 45%  129M 0s
  1850K .......... .......... .......... .......... .......... 46%  148M 0s
  1900K .......... .......... .......... .......... .......... 48%  119M 0s
  1950K .......... .......... .......... .......... .......... 49%  189M 0s
  2000K .......... .......... .......... .......... .......... 50%  111M 0s
  2050K .......... .......... .......... .......... .......... 51% 3.63M 0s
  2100K .......... .......... .......... .......... .......... 53% 84.9M 0s
  2150K .......... .......... .......... .......... .......... 54% 76.3M 0s
  2200K .......... .......... .......... .......... .......... 55%  116M 0s
  2250K .......... .......... .......... .......... .......... 56%  187M 0s
  2300K .......... .......... .......... .......... .......... 58%  132M 0s
  2350K .......... .......... .......... .......... .......... 59%  197M 0s
  2400K .......... .......... .......... .......... .......... 60%  165M 0s
  2450K .......... .......... .......... .......... .......... 61%  175M 0s
  2500K .......... .......... .......... .......... .......... 63%  134M 0s
  2550K .......... .......... .......... .......... .......... 64%  199M 0s
  2600K .......... .......... .......... .......... .......... 65%  205M 0s
  2650K .......... .......... .......... .......... .......... 66%  204M 0s
  2700K .......... .......... .......... .......... .......... 68%  178M 0s
  2750K .......... .......... .......... .......... .......... 69%  154M 0s
  2800K .......... .......... .......... .......... .......... 70%  179M 0s
  2850K .......... .......... .......... .......... .......... 71%  159M 0s
  2900K .......... .......... .......... .......... .......... 72%  171M 0s
  2950K .......... .......... .......... .......... .......... 74%  161M 0s
  3000K .......... .......... .......... .......... .......... 75%  119M 0s
  3050K .......... .......... .......... .......... .......... 76%  170M 0s
  3100K .......... .......... .......... .......... .......... 77%  151M 0s
  3150K .......... .......... .......... .......... .......... 79%  182M 0s
  3200K .......... .......... .......... .......... .......... 80%  169M 0s
  3250K .......... .......... .......... .......... .......... 81%  184M 0s
  3300K .......... .......... .......... .......... .......... 82%  142M 0s
  3350K .......... .......... .......... .......... .......... 84%  178M 0s
  3400K .......... .......... .......... .......... .......... 85%  171M 0s
  3450K .......... .......... .......... .......... .......... 86%  158M 0s
  3500K .......... .......... .......... .......... .......... 87%  131M 0s
  3550K .......... .......... .......... .......... .......... 89%  127M 0s
  3600K .......... .......... .......... .......... .......... 90%  166M 0s
  3650K .......... .......... .......... .......... .......... 91%  214M 0s
  3700K .......... .......... .......... .......... .......... 92%  181M 0s
  3750K .......... .......... .......... .......... .......... 93% 3.27M 0s
  3800K .......... .......... .......... .......... .......... 95%  188M 0s
  3850K .......... .......... .......... .......... .......... 96%  186M 0s
  3900K .......... .......... .......... .......... .......... 97%  157M 0s
  3950K .......... .......... .......... .......... .......... 98%  201M 0s
  4000K .......... .......... .......... .......... ...       100%  165M=0.2s

2024-03-04 10:45:48 (22.5 MB/s) - ‘470.2202.fna’ saved [4140946/4140946]

--2024-03-04 10:45:48--  ftp://ftp.bvbrc.org/genomes/470.2202/470.2202.features.tab
Connecting to 10.99.0.130:3128... connected.
Proxy request sent, awaiting response... 404 Not Found
2024-03-04 10:45:49 ERROR 404: Not Found.

--2024-03-04 10:45:49--  ftp://ftp.bvbrc.org/genomes/470.2202/470.2202.gff
Connecting to 10.99.0.130:3128... connected.
Proxy request sent, awaiting response... 404 Not Found
2024-03-04 10:45:50 ERROR 404: Not Found.

--2024-03-04 10:45:50--  ftp://ftp.bvbrc.org/genomes/470.2202/470.2202.fnn
Connecting to 10.99.0.130:3128... connected.
Proxy request sent, awaiting response... 404 Not Found
2024-03-04 10:45:51 ERROR 404: Not Found.

--2024-03-04 10:45:51--  ftp://ftp.bvbrc.org/genomes/470.2202/470.2202.frn
Connecting to 10.99.0.130:3128... connected.
Proxy request sent, awaiting response... 404 Not Found
2024-03-04 10:45:52 ERROR 404: Not Found.

